2021-01-27 00:04:44.404  INFO 11056 --- [main] org.vforum.App                           : Starting App using Java 1.8.0_221 on kuro with PID 11056 (F:\Code\11.Java\vforum\vforum-api\target\classes started by Alice in F:\Code\11.Java\vforum\vforum-api)
2021-01-27 00:04:44.408  INFO 11056 --- [main] org.vforum.App                           : No active profile set, falling back to default profiles: default
2021-01-27 00:04:45.018  WARN 11056 --- [main] t.m.s.mapper.ClassPathMapperScanner      : No MyBatis mapper was found in '[org.vforum]' package. Please check your configuration.
2021-01-27 00:04:45.067  INFO 11056 --- [main] .s.d.r.c.RepositoryConfigurationDelegate : Multiple Spring Data modules found, entering strict repository configuration mode!
2021-01-27 00:04:45.067  INFO 11056 --- [main] .s.d.r.c.RepositoryConfigurationDelegate : Bootstrapping Spring Data MongoDB repositories in DEFAULT mode.
2021-01-27 00:04:45.112  INFO 11056 --- [main] .s.d.r.c.RepositoryConfigurationDelegate : Finished Spring Data repository scanning in 41 ms. Found 1 MongoDB repository interfaces.
2021-01-27 00:04:45.123  INFO 11056 --- [main] .s.d.r.c.RepositoryConfigurationDelegate : Multiple Spring Data modules found, entering strict repository configuration mode!
2021-01-27 00:04:45.124  INFO 11056 --- [main] .s.d.r.c.RepositoryConfigurationDelegate : Bootstrapping Spring Data Redis repositories in DEFAULT mode.
2021-01-27 00:04:45.135  INFO 11056 --- [main] .RepositoryConfigurationExtensionSupport : Spring Data Redis - Could not safely identify store assignment for repository candidate interface org.vforum.repository.CommentRepository. If you want this repository to be a Redis repository, consider annotating your entities with one of these annotations: org.springframework.data.redis.core.RedisHash (preferred), or consider extending one of the following types with your repository: org.springframework.data.keyvalue.repository.KeyValueRepository.
2021-01-27 00:04:45.135  INFO 11056 --- [main] .s.d.r.c.RepositoryConfigurationDelegate : Finished Spring Data repository scanning in 5 ms. Found 0 Redis repository interfaces.
2021-01-27 00:04:45.215  WARN 11056 --- [main] o.m.s.mapper.ClassPathMapperScanner      : No MyBatis mapper was found in '[org.vforum]' package. Please check your configuration.
2021-01-27 00:04:45.355  INFO 11056 --- [main] trationDelegate$BeanPostProcessorChecker : Bean 'org.springframework.security.access.expression.method.DefaultMethodSecurityExpressionHandler@dc79225' of type [org.springframework.security.access.expression.method.DefaultMethodSecurityExpressionHandler] is not eligible for getting processed by all BeanPostProcessors (for example: not eligible for auto-proxying)
2021-01-27 00:04:45.357  INFO 11056 --- [main] trationDelegate$BeanPostProcessorChecker : Bean 'methodSecurityMetadataSource' of type [org.springframework.security.access.method.DelegatingMethodSecurityMetadataSource] is not eligible for getting processed by all BeanPostProcessors (for example: not eligible for auto-proxying)
2021-01-27 00:04:45.535  INFO 11056 --- [main] o.s.b.w.embedded.tomcat.TomcatWebServer  : Tomcat initialized with port(s): 10086 (http)
2021-01-27 00:04:45.541  INFO 11056 --- [main] o.apache.catalina.core.StandardService   : Starting service [Tomcat]
2021-01-27 00:04:45.541  INFO 11056 --- [main] org.apache.catalina.core.StandardEngine  : Starting Servlet engine: [Apache Tomcat/9.0.41]
2021-01-27 00:04:45.605  INFO 11056 --- [main] o.a.c.c.C.[Tomcat].[localhost].[/]       : Initializing Spring embedded WebApplicationContext
2021-01-27 00:04:45.605  INFO 11056 --- [main] w.s.c.ServletWebServerApplicationContext : Root WebApplicationContext: initialization completed in 1164 ms
2021-01-27 00:04:46.168  INFO 11056 --- [main] org.mongodb.driver.cluster               : Cluster created with settings {hosts=[127.0.0.1:27017], mode=SINGLE, requiredClusterType=UNKNOWN, serverSelectionTimeout='30000 ms'}
2021-01-27 00:04:46.205  INFO 11056 --- [cluster-ClusterId{value='60103d9e4cbfde3d86ddb5dd', description='null'}-127.0.0.1:27017] org.mongodb.driver.connection            : Opened connection [connectionId{localValue:1, serverValue:69}] to 127.0.0.1:27017
2021-01-27 00:04:46.205  INFO 11056 --- [cluster-rtt-ClusterId{value='60103d9e4cbfde3d86ddb5dd', description='null'}-127.0.0.1:27017] org.mongodb.driver.connection            : Opened connection [connectionId{localValue:2, serverValue:70}] to 127.0.0.1:27017
2021-01-27 00:04:46.205  INFO 11056 --- [cluster-ClusterId{value='60103d9e4cbfde3d86ddb5dd', description='null'}-127.0.0.1:27017] org.mongodb.driver.cluster               : Monitor thread successfully connected to server with description ServerDescription{address=127.0.0.1:27017, type=STANDALONE, state=CONNECTED, ok=true, minWireVersion=0, maxWireVersion=8, maxDocumentSize=16777216, logicalSessionTimeoutMinutes=30, roundTripTimeNanos=12571600}
2021-01-27 00:04:46.574  INFO 11056 --- [main] .s.s.UserDetailsServiceAutoConfiguration : 

Using generated security password: 9240e362-8793-4fdd-848c-088c97b2e600

2021-01-27 00:04:46.625  INFO 11056 --- [main] o.s.s.web.DefaultSecurityFilterChain     : Will secure any request with [org.springframework.security.web.context.request.async.WebAsyncManagerIntegrationFilter@50dc49e1, org.springframework.security.web.context.SecurityContextPersistenceFilter@f03ee8f, org.springframework.security.web.header.HeaderWriterFilter@16a6dc21, org.springframework.security.web.authentication.logout.LogoutFilter@12cd129c, org.springframework.security.web.savedrequest.RequestCacheAwareFilter@33f4c769, org.springframework.security.web.servletapi.SecurityContextHolderAwareRequestFilter@91a2543, org.springframework.security.web.authentication.AnonymousAuthenticationFilter@650a1aff, org.springframework.security.web.session.SessionManagementFilter@22da200e, org.springframework.security.web.access.ExceptionTranslationFilter@610fbe1c, org.springframework.security.web.access.intercept.FilterSecurityInterceptor@7196a8f1]
2021-01-27 00:04:46.646  INFO 11056 --- [main] pertySourcedRequestMappingHandlerMapping : Mapped URL path [/v2/api-docs] onto method [springfox.documentation.swagger2.web.Swagger2Controller#getDocumentation(String, HttpServletRequest)]
2021-01-27 00:04:46.722  INFO 11056 --- [main] o.s.s.concurrent.ThreadPoolTaskExecutor  : Initializing ExecutorService 'applicationTaskExecutor'
2021-01-27 00:04:46.938  INFO 11056 --- [main] o.s.b.w.embedded.tomcat.TomcatWebServer  : Tomcat started on port(s): 10086 (http) with context path ''
2021-01-27 00:04:46.939  INFO 11056 --- [main] d.s.w.p.DocumentationPluginsBootstrapper : Context refreshed
2021-01-27 00:04:46.948  INFO 11056 --- [main] d.s.w.p.DocumentationPluginsBootstrapper : Found 1 custom documentation plugin(s)
2021-01-27 00:04:46.979  INFO 11056 --- [main] s.d.s.w.s.ApiListingReferenceScanner     : Scanning for api listing references
2021-01-27 00:04:47.034  INFO 11056 --- [http-nio-10086-exec-1] o.a.c.c.C.[Tomcat].[localhost].[/]       : Initializing Spring DispatcherServlet 'dispatcherServlet'
2021-01-27 00:04:47.034  INFO 11056 --- [http-nio-10086-exec-1] o.s.web.servlet.DispatcherServlet        : Initializing Servlet 'dispatcherServlet'
2021-01-27 00:04:47.035  INFO 11056 --- [http-nio-10086-exec-1] o.s.web.servlet.DispatcherServlet        : Completed initialization in 1 ms
2021-01-27 00:04:47.111  INFO 11056 --- [main] org.vforum.App                           : Started App in 3.044 seconds (JVM running for 3.563)
2021-01-27 00:04:55.127  INFO 11056 --- [http-nio-10086-exec-10] org.mongodb.driver.connection            : Opened connection [connectionId{localValue:3, serverValue:71}] to 127.0.0.1:27017
2021-01-27 13:44:12.557  INFO 10188 --- [main] org.vforum.App                           : Starting App using Java 1.8.0_221 on kuro with PID 10188 (F:\Code\11.Java\vforum\vforum-api\target\classes started by Alice in F:\Code\11.Java\vforum\vforum-api)
2021-01-27 13:44:12.559  INFO 10188 --- [main] org.vforum.App                           : No active profile set, falling back to default profiles: default
2021-01-27 13:44:13.151  WARN 10188 --- [main] t.m.s.mapper.ClassPathMapperScanner      : No MyBatis mapper was found in '[org.vforum]' package. Please check your configuration.
2021-01-27 13:44:13.203  INFO 10188 --- [main] .s.d.r.c.RepositoryConfigurationDelegate : Multiple Spring Data modules found, entering strict repository configuration mode!
2021-01-27 13:44:13.204  INFO 10188 --- [main] .s.d.r.c.RepositoryConfigurationDelegate : Bootstrapping Spring Data MongoDB repositories in DEFAULT mode.
2021-01-27 13:44:13.255  INFO 10188 --- [main] .s.d.r.c.RepositoryConfigurationDelegate : Finished Spring Data repository scanning in 48 ms. Found 1 MongoDB repository interfaces.
2021-01-27 13:44:13.266  INFO 10188 --- [main] .s.d.r.c.RepositoryConfigurationDelegate : Multiple Spring Data modules found, entering strict repository configuration mode!
2021-01-27 13:44:13.267  INFO 10188 --- [main] .s.d.r.c.RepositoryConfigurationDelegate : Bootstrapping Spring Data Redis repositories in DEFAULT mode.
2021-01-27 13:44:13.279  INFO 10188 --- [main] .RepositoryConfigurationExtensionSupport : Spring Data Redis - Could not safely identify store assignment for repository candidate interface org.vforum.repository.CommentRepository. If you want this repository to be a Redis repository, consider annotating your entities with one of these annotations: org.springframework.data.redis.core.RedisHash (preferred), or consider extending one of the following types with your repository: org.springframework.data.keyvalue.repository.KeyValueRepository.
2021-01-27 13:44:13.279  INFO 10188 --- [main] .s.d.r.c.RepositoryConfigurationDelegate : Finished Spring Data repository scanning in 5 ms. Found 0 Redis repository interfaces.
2021-01-27 13:44:13.368  WARN 10188 --- [main] o.m.s.mapper.ClassPathMapperScanner      : No MyBatis mapper was found in '[org.vforum]' package. Please check your configuration.
2021-01-27 13:44:13.520  INFO 10188 --- [main] trationDelegate$BeanPostProcessorChecker : Bean 'org.springframework.security.access.expression.method.DefaultMethodSecurityExpressionHandler@14982a82' of type [org.springframework.security.access.expression.method.DefaultMethodSecurityExpressionHandler] is not eligible for getting processed by all BeanPostProcessors (for example: not eligible for auto-proxying)
2021-01-27 13:44:13.522  INFO 10188 --- [main] trationDelegate$BeanPostProcessorChecker : Bean 'methodSecurityMetadataSource' of type [org.springframework.security.access.method.DelegatingMethodSecurityMetadataSource] is not eligible for getting processed by all BeanPostProcessors (for example: not eligible for auto-proxying)
2021-01-27 13:44:13.715  INFO 10188 --- [main] o.s.b.w.embedded.tomcat.TomcatWebServer  : Tomcat initialized with port(s): 10086 (http)
2021-01-27 13:44:13.722  INFO 10188 --- [main] o.apache.catalina.core.StandardService   : Starting service [Tomcat]
2021-01-27 13:44:13.722  INFO 10188 --- [main] org.apache.catalina.core.StandardEngine  : Starting Servlet engine: [Apache Tomcat/9.0.41]
2021-01-27 13:44:13.793  INFO 10188 --- [main] o.a.c.c.C.[Tomcat].[localhost].[/]       : Initializing Spring embedded WebApplicationContext
2021-01-27 13:44:13.793  INFO 10188 --- [main] w.s.c.ServletWebServerApplicationContext : Root WebApplicationContext: initialization completed in 1205 ms
2021-01-27 13:44:14.388  INFO 10188 --- [main] org.mongodb.driver.cluster               : Cluster created with settings {hosts=[127.0.0.1:27017], mode=SINGLE, requiredClusterType=UNKNOWN, serverSelectionTimeout='30000 ms'}
2021-01-27 13:44:14.434  INFO 10188 --- [cluster-rtt-ClusterId{value='6010fdae36411850343ff438', description='null'}-127.0.0.1:27017] org.mongodb.driver.connection            : Opened connection [connectionId{localValue:2, serverValue:72}] to 127.0.0.1:27017
2021-01-27 13:44:14.434  INFO 10188 --- [cluster-ClusterId{value='6010fdae36411850343ff438', description='null'}-127.0.0.1:27017] org.mongodb.driver.connection            : Opened connection [connectionId{localValue:1, serverValue:73}] to 127.0.0.1:27017
2021-01-27 13:44:14.434  INFO 10188 --- [cluster-ClusterId{value='6010fdae36411850343ff438', description='null'}-127.0.0.1:27017] org.mongodb.driver.cluster               : Monitor thread successfully connected to server with description ServerDescription{address=127.0.0.1:27017, type=STANDALONE, state=CONNECTED, ok=true, minWireVersion=0, maxWireVersion=8, maxDocumentSize=16777216, logicalSessionTimeoutMinutes=30, roundTripTimeNanos=20348900}
2021-01-27 13:44:14.626  WARN 10188 --- [main] ConfigServletWebServerApplicationContext : Exception encountered during context initialization - cancelling refresh attempt: org.springframework.beans.factory.UnsatisfiedDependencyException: Error creating bean with name 'commentController': Unsatisfied dependency expressed through field 'commentService'; nested exception is org.springframework.beans.factory.UnsatisfiedDependencyException: Error creating bean with name 'commentServiceImpl': Unsatisfied dependency expressed through field 'commentRepository'; nested exception is org.springframework.beans.factory.BeanCreationException: Error creating bean with name 'commentRepository' defined in org.vforum.repository.CommentRepository defined in @EnableMongoRepositories declared on MongoRepositoriesRegistrar.EnableMongoRepositoriesConfiguration: Invocation of init method failed; nested exception is org.springframework.data.mapping.PropertyReferenceException: No property ASC found for type Comment!
2021-01-27 13:44:14.637  INFO 10188 --- [main] o.apache.catalina.core.StandardService   : Stopping service [Tomcat]
2021-01-27 13:44:14.644  WARN 10188 --- [main] o.a.c.loader.WebappClassLoaderBase       : The web application [ROOT] appears to have started a thread named [Abandoned connection cleanup thread] but has failed to stop it. This is very likely to create a memory leak. Stack trace of thread:
 java.lang.Object.wait(Native Method)
 java.lang.ref.ReferenceQueue.remove(ReferenceQueue.java:144)
 com.mysql.jdbc.AbandonedConnectionCleanupThread.run(AbandonedConnectionCleanupThread.java:41)
2021-01-27 13:44:14.649  INFO 10188 --- [main] ConditionEvaluationReportLoggingListener : 

Error starting ApplicationContext. To display the conditions report re-run your application with 'debug' enabled.
2021-01-27 13:44:14.665 ERROR 10188 --- [main] o.s.boot.SpringApplication               : Application run failed

org.springframework.beans.factory.UnsatisfiedDependencyException: Error creating bean with name 'commentController': Unsatisfied dependency expressed through field 'commentService'; nested exception is org.springframework.beans.factory.UnsatisfiedDependencyException: Error creating bean with name 'commentServiceImpl': Unsatisfied dependency expressed through field 'commentRepository'; nested exception is org.springframework.beans.factory.BeanCreationException: Error creating bean with name 'commentRepository' defined in org.vforum.repository.CommentRepository defined in @EnableMongoRepositories declared on MongoRepositoriesRegistrar.EnableMongoRepositoriesConfiguration: Invocation of init method failed; nested exception is org.springframework.data.mapping.PropertyReferenceException: No property ASC found for type Comment!
	at org.springframework.beans.factory.annotation.AutowiredAnnotationBeanPostProcessor$AutowiredFieldElement.inject(AutowiredAnnotationBeanPostProcessor.java:643)
	at org.springframework.beans.factory.annotation.InjectionMetadata.inject(InjectionMetadata.java:119)
	at org.springframework.beans.factory.annotation.AutowiredAnnotationBeanPostProcessor.postProcessProperties(AutowiredAnnotationBeanPostProcessor.java:399)
	at org.springframework.beans.factory.support.AbstractAutowireCapableBeanFactory.populateBean(AbstractAutowireCapableBeanFactory.java:1415)
	at org.springframework.beans.factory.support.AbstractAutowireCapableBeanFactory.doCreateBean(AbstractAutowireCapableBeanFactory.java:608)
	at org.springframework.beans.factory.support.AbstractAutowireCapableBeanFactory.createBean(AbstractAutowireCapableBeanFactory.java:531)
	at org.springframework.beans.factory.support.AbstractBeanFactory.lambda$doGetBean$0(AbstractBeanFactory.java:335)
	at org.springframework.beans.factory.support.DefaultSingletonBeanRegistry.getSingleton(DefaultSingletonBeanRegistry.java:234)
	at org.springframework.beans.factory.support.AbstractBeanFactory.doGetBean(AbstractBeanFactory.java:333)
	at org.springframework.beans.factory.support.AbstractBeanFactory.getBean(AbstractBeanFactory.java:208)
	at org.springframework.beans.factory.support.DefaultListableBeanFactory.preInstantiateSingletons(DefaultListableBeanFactory.java:944)
	at org.springframework.context.support.AbstractApplicationContext.finishBeanFactoryInitialization(AbstractApplicationContext.java:923)
	at org.springframework.context.support.AbstractApplicationContext.refresh(AbstractApplicationContext.java:588)
	at org.springframework.boot.web.servlet.context.ServletWebServerApplicationContext.refresh(ServletWebServerApplicationContext.java:144)
	at org.springframework.boot.SpringApplication.refresh(SpringApplication.java:767)
	at org.springframework.boot.SpringApplication.refresh(SpringApplication.java:759)
	at org.springframework.boot.SpringApplication.refreshContext(SpringApplication.java:426)
	at org.springframework.boot.SpringApplication.run(SpringApplication.java:326)
	at org.springframework.boot.SpringApplication.run(SpringApplication.java:1309)
	at org.springframework.boot.SpringApplication.run(SpringApplication.java:1298)
	at org.vforum.App.main(App.java:18)
Caused by: org.springframework.beans.factory.UnsatisfiedDependencyException: Error creating bean with name 'commentServiceImpl': Unsatisfied dependency expressed through field 'commentRepository'; nested exception is org.springframework.beans.factory.BeanCreationException: Error creating bean with name 'commentRepository' defined in org.vforum.repository.CommentRepository defined in @EnableMongoRepositories declared on MongoRepositoriesRegistrar.EnableMongoRepositoriesConfiguration: Invocation of init method failed; nested exception is org.springframework.data.mapping.PropertyReferenceException: No property ASC found for type Comment!
	at org.springframework.beans.factory.annotation.AutowiredAnnotationBeanPostProcessor$AutowiredFieldElement.inject(AutowiredAnnotationBeanPostProcessor.java:643)
	at org.springframework.beans.factory.annotation.InjectionMetadata.inject(InjectionMetadata.java:119)
	at org.springframework.beans.factory.annotation.AutowiredAnnotationBeanPostProcessor.postProcessProperties(AutowiredAnnotationBeanPostProcessor.java:399)
	at org.springframework.beans.factory.support.AbstractAutowireCapableBeanFactory.populateBean(AbstractAutowireCapableBeanFactory.java:1415)
	at org.springframework.beans.factory.support.AbstractAutowireCapableBeanFactory.doCreateBean(AbstractAutowireCapableBeanFactory.java:608)
	at org.springframework.beans.factory.support.AbstractAutowireCapableBeanFactory.createBean(AbstractAutowireCapableBeanFactory.java:531)
	at org.springframework.beans.factory.support.AbstractBeanFactory.lambda$doGetBean$0(AbstractBeanFactory.java:335)
	at org.springframework.beans.factory.support.DefaultSingletonBeanRegistry.getSingleton(DefaultSingletonBeanRegistry.java:234)
	at org.springframework.beans.factory.support.AbstractBeanFactory.doGetBean(AbstractBeanFactory.java:333)
	at org.springframework.beans.factory.support.AbstractBeanFactory.getBean(AbstractBeanFactory.java:208)
	at org.springframework.beans.factory.config.DependencyDescriptor.resolveCandidate(DependencyDescriptor.java:276)
	at org.springframework.beans.factory.support.DefaultListableBeanFactory.doResolveDependency(DefaultListableBeanFactory.java:1367)
	at org.springframework.beans.factory.support.DefaultListableBeanFactory.resolveDependency(DefaultListableBeanFactory.java:1287)
	at org.springframework.beans.factory.annotation.AutowiredAnnotationBeanPostProcessor$AutowiredFieldElement.inject(AutowiredAnnotationBeanPostProcessor.java:640)
	... 20 common frames omitted
Caused by: org.springframework.beans.factory.BeanCreationException: Error creating bean with name 'commentRepository' defined in org.vforum.repository.CommentRepository defined in @EnableMongoRepositories declared on MongoRepositoriesRegistrar.EnableMongoRepositoriesConfiguration: Invocation of init method failed; nested exception is org.springframework.data.mapping.PropertyReferenceException: No property ASC found for type Comment!
	at org.springframework.beans.factory.support.AbstractAutowireCapableBeanFactory.initializeBean(AbstractAutowireCapableBeanFactory.java:1788)
	at org.springframework.beans.factory.support.AbstractAutowireCapableBeanFactory.doCreateBean(AbstractAutowireCapableBeanFactory.java:609)
	at org.springframework.beans.factory.support.AbstractAutowireCapableBeanFactory.createBean(AbstractAutowireCapableBeanFactory.java:531)
	at org.springframework.beans.factory.support.AbstractBeanFactory.lambda$doGetBean$0(AbstractBeanFactory.java:335)
	at org.springframework.beans.factory.support.DefaultSingletonBeanRegistry.getSingleton(DefaultSingletonBeanRegistry.java:234)
	at org.springframework.beans.factory.support.AbstractBeanFactory.doGetBean(AbstractBeanFactory.java:333)
	at org.springframework.beans.factory.support.AbstractBeanFactory.getBean(AbstractBeanFactory.java:208)
	at org.springframework.beans.factory.config.DependencyDescriptor.resolveCandidate(DependencyDescriptor.java:276)
	at org.springframework.beans.factory.support.DefaultListableBeanFactory.doResolveDependency(DefaultListableBeanFactory.java:1367)
	at org.springframework.beans.factory.support.DefaultListableBeanFactory.resolveDependency(DefaultListableBeanFactory.java:1287)
	at org.springframework.beans.factory.annotation.AutowiredAnnotationBeanPostProcessor$AutowiredFieldElement.inject(AutowiredAnnotationBeanPostProcessor.java:640)
	... 33 common frames omitted
Caused by: org.springframework.data.mapping.PropertyReferenceException: No property ASC found for type Comment!
	at org.springframework.data.mapping.PropertyPath.<init>(PropertyPath.java:90)
	at org.springframework.data.mapping.PropertyPath.create(PropertyPath.java:437)
	at org.springframework.data.mapping.PropertyPath.create(PropertyPath.java:413)
	at org.springframework.data.mapping.PropertyPath.lambda$from$0(PropertyPath.java:366)
	at java.util.concurrent.ConcurrentMap.computeIfAbsent(ConcurrentMap.java:324)
	at org.springframework.data.mapping.PropertyPath.from(PropertyPath.java:348)
	at org.springframework.data.mapping.PropertyPath.from(PropertyPath.java:331)
	at org.springframework.data.repository.query.parser.OrderBySource.lambda$createOrder$2(OrderBySource.java:112)
	at java.util.Optional.map(Optional.java:215)
	at org.springframework.data.repository.query.parser.OrderBySource.createOrder(OrderBySource.java:110)
	at org.springframework.data.repository.query.parser.OrderBySource.<init>(OrderBySource.java:94)
	at org.springframework.data.repository.query.parser.PartTree$Predicate.<init>(PartTree.java:386)
	at org.springframework.data.repository.query.parser.PartTree.<init>(PartTree.java:95)
	at org.springframework.data.mongodb.repository.query.PartTreeMongoQuery.<init>(PartTreeMongoQuery.java:67)
	at org.springframework.data.mongodb.repository.support.MongoRepositoryFactory$MongoQueryLookupStrategy.resolveQuery(MongoRepositoryFactory.java:198)
	at org.springframework.data.repository.core.support.QueryExecutorMethodInterceptor.lookupQuery(QueryExecutorMethodInterceptor.java:100)
	at org.springframework.data.repository.core.support.QueryExecutorMethodInterceptor.lambda$mapMethodsToQuery$1(QueryExecutorMethodInterceptor.java:93)
	at java.util.stream.ReferencePipeline$3$1.accept(ReferencePipeline.java:193)
	at java.util.Iterator.forEachRemaining(Iterator.java:116)
	at java.util.Collections$UnmodifiableCollection$1.forEachRemaining(Collections.java:1051)
	at java.util.Spliterators$IteratorSpliterator.forEachRemaining(Spliterators.java:1801)
	at java.util.stream.AbstractPipeline.copyInto(AbstractPipeline.java:482)
	at java.util.stream.AbstractPipeline.wrapAndCopyInto(AbstractPipeline.java:472)
	at java.util.stream.ReduceOps$ReduceOp.evaluateSequential(ReduceOps.java:708)
	at java.util.stream.AbstractPipeline.evaluate(AbstractPipeline.java:234)
	at java.util.stream.ReferencePipeline.collect(ReferencePipeline.java:499)
	at org.springframework.data.repository.core.support.QueryExecutorMethodInterceptor.mapMethodsToQuery(QueryExecutorMethodInterceptor.java:95)
	at org.springframework.data.repository.core.support.QueryExecutorMethodInterceptor.lambda$new$0(QueryExecutorMethodInterceptor.java:85)
	at java.util.Optional.map(Optional.java:215)
	at org.springframework.data.repository.core.support.QueryExecutorMethodInterceptor.<init>(QueryExecutorMethodInterceptor.java:85)
	at org.springframework.data.repository.core.support.RepositoryFactorySupport.getRepository(RepositoryFactorySupport.java:303)
	at org.springframework.data.repository.core.support.RepositoryFactoryBeanSupport.lambda$afterPropertiesSet$6(RepositoryFactoryBeanSupport.java:326)
	at org.springframework.data.util.Lazy.getNullable(Lazy.java:230)
	at org.springframework.data.util.Lazy.get(Lazy.java:114)
	at org.springframework.data.repository.core.support.RepositoryFactoryBeanSupport.afterPropertiesSet(RepositoryFactoryBeanSupport.java:329)
	at org.springframework.data.mongodb.repository.support.MongoRepositoryFactoryBean.afterPropertiesSet(MongoRepositoryFactoryBean.java:119)
	at org.springframework.beans.factory.support.AbstractAutowireCapableBeanFactory.invokeInitMethods(AbstractAutowireCapableBeanFactory.java:1847)
	at org.springframework.beans.factory.support.AbstractAutowireCapableBeanFactory.initializeBean(AbstractAutowireCapableBeanFactory.java:1784)
	... 43 common frames omitted

2021-01-27 13:44:35.436  INFO 11856 --- [main] org.vforum.App                           : Starting App using Java 1.8.0_221 on kuro with PID 11856 (F:\Code\11.Java\vforum\vforum-api\target\classes started by Alice in F:\Code\11.Java\vforum\vforum-api)
2021-01-27 13:44:35.438  INFO 11856 --- [main] org.vforum.App                           : No active profile set, falling back to default profiles: default
2021-01-27 13:44:35.972  WARN 11856 --- [main] t.m.s.mapper.ClassPathMapperScanner      : No MyBatis mapper was found in '[org.vforum]' package. Please check your configuration.
2021-01-27 13:44:36.017  INFO 11856 --- [main] .s.d.r.c.RepositoryConfigurationDelegate : Multiple Spring Data modules found, entering strict repository configuration mode!
2021-01-27 13:44:36.018  INFO 11856 --- [main] .s.d.r.c.RepositoryConfigurationDelegate : Bootstrapping Spring Data MongoDB repositories in DEFAULT mode.
2021-01-27 13:44:36.060  INFO 11856 --- [main] .s.d.r.c.RepositoryConfigurationDelegate : Finished Spring Data repository scanning in 40 ms. Found 1 MongoDB repository interfaces.
2021-01-27 13:44:36.070  INFO 11856 --- [main] .s.d.r.c.RepositoryConfigurationDelegate : Multiple Spring Data modules found, entering strict repository configuration mode!
2021-01-27 13:44:36.070  INFO 11856 --- [main] .s.d.r.c.RepositoryConfigurationDelegate : Bootstrapping Spring Data Redis repositories in DEFAULT mode.
2021-01-27 13:44:36.081  INFO 11856 --- [main] .RepositoryConfigurationExtensionSupport : Spring Data Redis - Could not safely identify store assignment for repository candidate interface org.vforum.repository.CommentRepository. If you want this repository to be a Redis repository, consider annotating your entities with one of these annotations: org.springframework.data.redis.core.RedisHash (preferred), or consider extending one of the following types with your repository: org.springframework.data.keyvalue.repository.KeyValueRepository.
2021-01-27 13:44:36.081  INFO 11856 --- [main] .s.d.r.c.RepositoryConfigurationDelegate : Finished Spring Data repository scanning in 5 ms. Found 0 Redis repository interfaces.
2021-01-27 13:44:36.159  WARN 11856 --- [main] o.m.s.mapper.ClassPathMapperScanner      : No MyBatis mapper was found in '[org.vforum]' package. Please check your configuration.
2021-01-27 13:44:36.298  INFO 11856 --- [main] trationDelegate$BeanPostProcessorChecker : Bean 'org.springframework.security.access.expression.method.DefaultMethodSecurityExpressionHandler@6726cc69' of type [org.springframework.security.access.expression.method.DefaultMethodSecurityExpressionHandler] is not eligible for getting processed by all BeanPostProcessors (for example: not eligible for auto-proxying)
2021-01-27 13:44:36.300  INFO 11856 --- [main] trationDelegate$BeanPostProcessorChecker : Bean 'methodSecurityMetadataSource' of type [org.springframework.security.access.method.DelegatingMethodSecurityMetadataSource] is not eligible for getting processed by all BeanPostProcessors (for example: not eligible for auto-proxying)
2021-01-27 13:44:36.466  INFO 11856 --- [main] o.s.b.w.embedded.tomcat.TomcatWebServer  : Tomcat initialized with port(s): 10086 (http)
2021-01-27 13:44:36.471  INFO 11856 --- [main] o.apache.catalina.core.StandardService   : Starting service [Tomcat]
2021-01-27 13:44:36.472  INFO 11856 --- [main] org.apache.catalina.core.StandardEngine  : Starting Servlet engine: [Apache Tomcat/9.0.41]
2021-01-27 13:44:36.537  INFO 11856 --- [main] o.a.c.c.C.[Tomcat].[localhost].[/]       : Initializing Spring embedded WebApplicationContext
2021-01-27 13:44:36.538  INFO 11856 --- [main] w.s.c.ServletWebServerApplicationContext : Root WebApplicationContext: initialization completed in 1072 ms
2021-01-27 13:44:37.069  INFO 11856 --- [main] org.mongodb.driver.cluster               : Cluster created with settings {hosts=[127.0.0.1:27017], mode=SINGLE, requiredClusterType=UNKNOWN, serverSelectionTimeout='30000 ms'}
2021-01-27 13:44:37.105  INFO 11856 --- [cluster-rtt-ClusterId{value='6010fdc5bb13200f9738f96f', description='null'}-127.0.0.1:27017] org.mongodb.driver.connection            : Opened connection [connectionId{localValue:2, serverValue:75}] to 127.0.0.1:27017
2021-01-27 13:44:37.105  INFO 11856 --- [cluster-ClusterId{value='6010fdc5bb13200f9738f96f', description='null'}-127.0.0.1:27017] org.mongodb.driver.connection            : Opened connection [connectionId{localValue:1, serverValue:74}] to 127.0.0.1:27017
2021-01-27 13:44:37.105  INFO 11856 --- [cluster-ClusterId{value='6010fdc5bb13200f9738f96f', description='null'}-127.0.0.1:27017] org.mongodb.driver.cluster               : Monitor thread successfully connected to server with description ServerDescription{address=127.0.0.1:27017, type=STANDALONE, state=CONNECTED, ok=true, minWireVersion=0, maxWireVersion=8, maxDocumentSize=16777216, logicalSessionTimeoutMinutes=30, roundTripTimeNanos=12504200}
2021-01-27 13:44:37.280  WARN 11856 --- [main] ConfigServletWebServerApplicationContext : Exception encountered during context initialization - cancelling refresh attempt: org.springframework.beans.factory.UnsatisfiedDependencyException: Error creating bean with name 'commentController': Unsatisfied dependency expressed through field 'commentService'; nested exception is org.springframework.beans.factory.UnsatisfiedDependencyException: Error creating bean with name 'commentServiceImpl': Unsatisfied dependency expressed through field 'commentRepository'; nested exception is org.springframework.beans.factory.BeanCreationException: Error creating bean with name 'commentRepository' defined in org.vforum.repository.CommentRepository defined in @EnableMongoRepositories declared on MongoRepositoriesRegistrar.EnableMongoRepositoriesConfiguration: Invocation of init method failed; nested exception is java.lang.IllegalArgumentException: Invalid order syntax for part Desc!
2021-01-27 13:44:37.290  INFO 11856 --- [main] o.apache.catalina.core.StandardService   : Stopping service [Tomcat]
2021-01-27 13:44:37.296  WARN 11856 --- [main] o.a.c.loader.WebappClassLoaderBase       : The web application [ROOT] appears to have started a thread named [Abandoned connection cleanup thread] but has failed to stop it. This is very likely to create a memory leak. Stack trace of thread:
 java.lang.Object.wait(Native Method)
 java.lang.ref.ReferenceQueue.remove(ReferenceQueue.java:144)
 com.mysql.jdbc.AbandonedConnectionCleanupThread.run(AbandonedConnectionCleanupThread.java:41)
2021-01-27 13:44:37.300  INFO 11856 --- [main] ConditionEvaluationReportLoggingListener : 

Error starting ApplicationContext. To display the conditions report re-run your application with 'debug' enabled.
2021-01-27 13:44:37.311 ERROR 11856 --- [main] o.s.boot.SpringApplication               : Application run failed

org.springframework.beans.factory.UnsatisfiedDependencyException: Error creating bean with name 'commentController': Unsatisfied dependency expressed through field 'commentService'; nested exception is org.springframework.beans.factory.UnsatisfiedDependencyException: Error creating bean with name 'commentServiceImpl': Unsatisfied dependency expressed through field 'commentRepository'; nested exception is org.springframework.beans.factory.BeanCreationException: Error creating bean with name 'commentRepository' defined in org.vforum.repository.CommentRepository defined in @EnableMongoRepositories declared on MongoRepositoriesRegistrar.EnableMongoRepositoriesConfiguration: Invocation of init method failed; nested exception is java.lang.IllegalArgumentException: Invalid order syntax for part Desc!
	at org.springframework.beans.factory.annotation.AutowiredAnnotationBeanPostProcessor$AutowiredFieldElement.inject(AutowiredAnnotationBeanPostProcessor.java:643)
	at org.springframework.beans.factory.annotation.InjectionMetadata.inject(InjectionMetadata.java:119)
	at org.springframework.beans.factory.annotation.AutowiredAnnotationBeanPostProcessor.postProcessProperties(AutowiredAnnotationBeanPostProcessor.java:399)
	at org.springframework.beans.factory.support.AbstractAutowireCapableBeanFactory.populateBean(AbstractAutowireCapableBeanFactory.java:1415)
	at org.springframework.beans.factory.support.AbstractAutowireCapableBeanFactory.doCreateBean(AbstractAutowireCapableBeanFactory.java:608)
	at org.springframework.beans.factory.support.AbstractAutowireCapableBeanFactory.createBean(AbstractAutowireCapableBeanFactory.java:531)
	at org.springframework.beans.factory.support.AbstractBeanFactory.lambda$doGetBean$0(AbstractBeanFactory.java:335)
	at org.springframework.beans.factory.support.DefaultSingletonBeanRegistry.getSingleton(DefaultSingletonBeanRegistry.java:234)
	at org.springframework.beans.factory.support.AbstractBeanFactory.doGetBean(AbstractBeanFactory.java:333)
	at org.springframework.beans.factory.support.AbstractBeanFactory.getBean(AbstractBeanFactory.java:208)
	at org.springframework.beans.factory.support.DefaultListableBeanFactory.preInstantiateSingletons(DefaultListableBeanFactory.java:944)
	at org.springframework.context.support.AbstractApplicationContext.finishBeanFactoryInitialization(AbstractApplicationContext.java:923)
	at org.springframework.context.support.AbstractApplicationContext.refresh(AbstractApplicationContext.java:588)
	at org.springframework.boot.web.servlet.context.ServletWebServerApplicationContext.refresh(ServletWebServerApplicationContext.java:144)
	at org.springframework.boot.SpringApplication.refresh(SpringApplication.java:767)
	at org.springframework.boot.SpringApplication.refresh(SpringApplication.java:759)
	at org.springframework.boot.SpringApplication.refreshContext(SpringApplication.java:426)
	at org.springframework.boot.SpringApplication.run(SpringApplication.java:326)
	at org.springframework.boot.SpringApplication.run(SpringApplication.java:1309)
	at org.springframework.boot.SpringApplication.run(SpringApplication.java:1298)
	at org.vforum.App.main(App.java:18)
Caused by: org.springframework.beans.factory.UnsatisfiedDependencyException: Error creating bean with name 'commentServiceImpl': Unsatisfied dependency expressed through field 'commentRepository'; nested exception is org.springframework.beans.factory.BeanCreationException: Error creating bean with name 'commentRepository' defined in org.vforum.repository.CommentRepository defined in @EnableMongoRepositories declared on MongoRepositoriesRegistrar.EnableMongoRepositoriesConfiguration: Invocation of init method failed; nested exception is java.lang.IllegalArgumentException: Invalid order syntax for part Desc!
	at org.springframework.beans.factory.annotation.AutowiredAnnotationBeanPostProcessor$AutowiredFieldElement.inject(AutowiredAnnotationBeanPostProcessor.java:643)
	at org.springframework.beans.factory.annotation.InjectionMetadata.inject(InjectionMetadata.java:119)
	at org.springframework.beans.factory.annotation.AutowiredAnnotationBeanPostProcessor.postProcessProperties(AutowiredAnnotationBeanPostProcessor.java:399)
	at org.springframework.beans.factory.support.AbstractAutowireCapableBeanFactory.populateBean(AbstractAutowireCapableBeanFactory.java:1415)
	at org.springframework.beans.factory.support.AbstractAutowireCapableBeanFactory.doCreateBean(AbstractAutowireCapableBeanFactory.java:608)
	at org.springframework.beans.factory.support.AbstractAutowireCapableBeanFactory.createBean(AbstractAutowireCapableBeanFactory.java:531)
	at org.springframework.beans.factory.support.AbstractBeanFactory.lambda$doGetBean$0(AbstractBeanFactory.java:335)
	at org.springframework.beans.factory.support.DefaultSingletonBeanRegistry.getSingleton(DefaultSingletonBeanRegistry.java:234)
	at org.springframework.beans.factory.support.AbstractBeanFactory.doGetBean(AbstractBeanFactory.java:333)
	at org.springframework.beans.factory.support.AbstractBeanFactory.getBean(AbstractBeanFactory.java:208)
	at org.springframework.beans.factory.config.DependencyDescriptor.resolveCandidate(DependencyDescriptor.java:276)
	at org.springframework.beans.factory.support.DefaultListableBeanFactory.doResolveDependency(DefaultListableBeanFactory.java:1367)
	at org.springframework.beans.factory.support.DefaultListableBeanFactory.resolveDependency(DefaultListableBeanFactory.java:1287)
	at org.springframework.beans.factory.annotation.AutowiredAnnotationBeanPostProcessor$AutowiredFieldElement.inject(AutowiredAnnotationBeanPostProcessor.java:640)
	... 20 common frames omitted
Caused by: org.springframework.beans.factory.BeanCreationException: Error creating bean with name 'commentRepository' defined in org.vforum.repository.CommentRepository defined in @EnableMongoRepositories declared on MongoRepositoriesRegistrar.EnableMongoRepositoriesConfiguration: Invocation of init method failed; nested exception is java.lang.IllegalArgumentException: Invalid order syntax for part Desc!
	at org.springframework.beans.factory.support.AbstractAutowireCapableBeanFactory.initializeBean(AbstractAutowireCapableBeanFactory.java:1788)
	at org.springframework.beans.factory.support.AbstractAutowireCapableBeanFactory.doCreateBean(AbstractAutowireCapableBeanFactory.java:609)
	at org.springframework.beans.factory.support.AbstractAutowireCapableBeanFactory.createBean(AbstractAutowireCapableBeanFactory.java:531)
	at org.springframework.beans.factory.support.AbstractBeanFactory.lambda$doGetBean$0(AbstractBeanFactory.java:335)
	at org.springframework.beans.factory.support.DefaultSingletonBeanRegistry.getSingleton(DefaultSingletonBeanRegistry.java:234)
	at org.springframework.beans.factory.support.AbstractBeanFactory.doGetBean(AbstractBeanFactory.java:333)
	at org.springframework.beans.factory.support.AbstractBeanFactory.getBean(AbstractBeanFactory.java:208)
	at org.springframework.beans.factory.config.DependencyDescriptor.resolveCandidate(DependencyDescriptor.java:276)
	at org.springframework.beans.factory.support.DefaultListableBeanFactory.doResolveDependency(DefaultListableBeanFactory.java:1367)
	at org.springframework.beans.factory.support.DefaultListableBeanFactory.resolveDependency(DefaultListableBeanFactory.java:1287)
	at org.springframework.beans.factory.annotation.AutowiredAnnotationBeanPostProcessor$AutowiredFieldElement.inject(AutowiredAnnotationBeanPostProcessor.java:640)
	... 33 common frames omitted
Caused by: java.lang.IllegalArgumentException: Invalid order syntax for part Desc!
	at org.springframework.data.repository.query.parser.OrderBySource.<init>(OrderBySource.java:91)
	at org.springframework.data.repository.query.parser.PartTree$Predicate.<init>(PartTree.java:386)
	at org.springframework.data.repository.query.parser.PartTree.<init>(PartTree.java:95)
	at org.springframework.data.mongodb.repository.query.PartTreeMongoQuery.<init>(PartTreeMongoQuery.java:67)
	at org.springframework.data.mongodb.repository.support.MongoRepositoryFactory$MongoQueryLookupStrategy.resolveQuery(MongoRepositoryFactory.java:198)
	at org.springframework.data.repository.core.support.QueryExecutorMethodInterceptor.lookupQuery(QueryExecutorMethodInterceptor.java:100)
	at org.springframework.data.repository.core.support.QueryExecutorMethodInterceptor.lambda$mapMethodsToQuery$1(QueryExecutorMethodInterceptor.java:93)
	at java.util.stream.ReferencePipeline$3$1.accept(ReferencePipeline.java:193)
	at java.util.Iterator.forEachRemaining(Iterator.java:116)
	at java.util.Collections$UnmodifiableCollection$1.forEachRemaining(Collections.java:1051)
	at java.util.Spliterators$IteratorSpliterator.forEachRemaining(Spliterators.java:1801)
	at java.util.stream.AbstractPipeline.copyInto(AbstractPipeline.java:482)
	at java.util.stream.AbstractPipeline.wrapAndCopyInto(AbstractPipeline.java:472)
	at java.util.stream.ReduceOps$ReduceOp.evaluateSequential(ReduceOps.java:708)
	at java.util.stream.AbstractPipeline.evaluate(AbstractPipeline.java:234)
	at java.util.stream.ReferencePipeline.collect(ReferencePipeline.java:499)
	at org.springframework.data.repository.core.support.QueryExecutorMethodInterceptor.mapMethodsToQuery(QueryExecutorMethodInterceptor.java:95)
	at org.springframework.data.repository.core.support.QueryExecutorMethodInterceptor.lambda$new$0(QueryExecutorMethodInterceptor.java:85)
	at java.util.Optional.map(Optional.java:215)
	at org.springframework.data.repository.core.support.QueryExecutorMethodInterceptor.<init>(QueryExecutorMethodInterceptor.java:85)
	at org.springframework.data.repository.core.support.RepositoryFactorySupport.getRepository(RepositoryFactorySupport.java:303)
	at org.springframework.data.repository.core.support.RepositoryFactoryBeanSupport.lambda$afterPropertiesSet$6(RepositoryFactoryBeanSupport.java:326)
	at org.springframework.data.util.Lazy.getNullable(Lazy.java:230)
	at org.springframework.data.util.Lazy.get(Lazy.java:114)
	at org.springframework.data.repository.core.support.RepositoryFactoryBeanSupport.afterPropertiesSet(RepositoryFactoryBeanSupport.java:329)
	at org.springframework.data.mongodb.repository.support.MongoRepositoryFactoryBean.afterPropertiesSet(MongoRepositoryFactoryBean.java:119)
	at org.springframework.beans.factory.support.AbstractAutowireCapableBeanFactory.invokeInitMethods(AbstractAutowireCapableBeanFactory.java:1847)
	at org.springframework.beans.factory.support.AbstractAutowireCapableBeanFactory.initializeBean(AbstractAutowireCapableBeanFactory.java:1784)
	... 43 common frames omitted

2021-01-27 13:46:06.309  INFO 10452 --- [main] org.vforum.App                           : Starting App using Java 1.8.0_221 on kuro with PID 10452 (F:\Code\11.Java\vforum\vforum-api\target\classes started by Alice in F:\Code\11.Java\vforum\vforum-api)
2021-01-27 13:46:06.311  INFO 10452 --- [main] org.vforum.App                           : No active profile set, falling back to default profiles: default
2021-01-27 13:46:06.849  WARN 10452 --- [main] t.m.s.mapper.ClassPathMapperScanner      : No MyBatis mapper was found in '[org.vforum]' package. Please check your configuration.
2021-01-27 13:46:06.895  INFO 10452 --- [main] .s.d.r.c.RepositoryConfigurationDelegate : Multiple Spring Data modules found, entering strict repository configuration mode!
2021-01-27 13:46:06.895  INFO 10452 --- [main] .s.d.r.c.RepositoryConfigurationDelegate : Bootstrapping Spring Data MongoDB repositories in DEFAULT mode.
2021-01-27 13:46:06.935  INFO 10452 --- [main] .s.d.r.c.RepositoryConfigurationDelegate : Finished Spring Data repository scanning in 38 ms. Found 1 MongoDB repository interfaces.
2021-01-27 13:46:06.945  INFO 10452 --- [main] .s.d.r.c.RepositoryConfigurationDelegate : Multiple Spring Data modules found, entering strict repository configuration mode!
2021-01-27 13:46:06.946  INFO 10452 --- [main] .s.d.r.c.RepositoryConfigurationDelegate : Bootstrapping Spring Data Redis repositories in DEFAULT mode.
2021-01-27 13:46:06.956  INFO 10452 --- [main] .RepositoryConfigurationExtensionSupport : Spring Data Redis - Could not safely identify store assignment for repository candidate interface org.vforum.repository.CommentRepository. If you want this repository to be a Redis repository, consider annotating your entities with one of these annotations: org.springframework.data.redis.core.RedisHash (preferred), or consider extending one of the following types with your repository: org.springframework.data.keyvalue.repository.KeyValueRepository.
2021-01-27 13:46:06.956  INFO 10452 --- [main] .s.d.r.c.RepositoryConfigurationDelegate : Finished Spring Data repository scanning in 5 ms. Found 0 Redis repository interfaces.
2021-01-27 13:46:07.032  WARN 10452 --- [main] o.m.s.mapper.ClassPathMapperScanner      : No MyBatis mapper was found in '[org.vforum]' package. Please check your configuration.
2021-01-27 13:46:07.170  INFO 10452 --- [main] trationDelegate$BeanPostProcessorChecker : Bean 'org.springframework.security.access.expression.method.DefaultMethodSecurityExpressionHandler@21079a12' of type [org.springframework.security.access.expression.method.DefaultMethodSecurityExpressionHandler] is not eligible for getting processed by all BeanPostProcessors (for example: not eligible for auto-proxying)
2021-01-27 13:46:07.172  INFO 10452 --- [main] trationDelegate$BeanPostProcessorChecker : Bean 'methodSecurityMetadataSource' of type [org.springframework.security.access.method.DelegatingMethodSecurityMetadataSource] is not eligible for getting processed by all BeanPostProcessors (for example: not eligible for auto-proxying)
2021-01-27 13:46:07.344  INFO 10452 --- [main] o.s.b.w.embedded.tomcat.TomcatWebServer  : Tomcat initialized with port(s): 10086 (http)
2021-01-27 13:46:07.350  INFO 10452 --- [main] o.apache.catalina.core.StandardService   : Starting service [Tomcat]
2021-01-27 13:46:07.350  INFO 10452 --- [main] org.apache.catalina.core.StandardEngine  : Starting Servlet engine: [Apache Tomcat/9.0.41]
2021-01-27 13:46:07.413  INFO 10452 --- [main] o.a.c.c.C.[Tomcat].[localhost].[/]       : Initializing Spring embedded WebApplicationContext
2021-01-27 13:46:07.413  INFO 10452 --- [main] w.s.c.ServletWebServerApplicationContext : Root WebApplicationContext: initialization completed in 1074 ms
2021-01-27 13:46:07.938  INFO 10452 --- [main] org.mongodb.driver.cluster               : Cluster created with settings {hosts=[127.0.0.1:27017], mode=SINGLE, requiredClusterType=UNKNOWN, serverSelectionTimeout='30000 ms'}
2021-01-27 13:46:07.979  INFO 10452 --- [cluster-ClusterId{value='6010fe1f66907e1f402864a5', description='null'}-127.0.0.1:27017] org.mongodb.driver.connection            : Opened connection [connectionId{localValue:1, serverValue:76}] to 127.0.0.1:27017
2021-01-27 13:46:07.979  INFO 10452 --- [cluster-rtt-ClusterId{value='6010fe1f66907e1f402864a5', description='null'}-127.0.0.1:27017] org.mongodb.driver.connection            : Opened connection [connectionId{localValue:2, serverValue:77}] to 127.0.0.1:27017
2021-01-27 13:46:07.979  INFO 10452 --- [cluster-ClusterId{value='6010fe1f66907e1f402864a5', description='null'}-127.0.0.1:27017] org.mongodb.driver.cluster               : Monitor thread successfully connected to server with description ServerDescription{address=127.0.0.1:27017, type=STANDALONE, state=CONNECTED, ok=true, minWireVersion=0, maxWireVersion=8, maxDocumentSize=16777216, logicalSessionTimeoutMinutes=30, roundTripTimeNanos=18167200}
2021-01-27 13:46:08.347  INFO 10452 --- [main] .s.s.UserDetailsServiceAutoConfiguration : 

Using generated security password: 67b7092d-eceb-447b-81c9-b609c12f5806

2021-01-27 13:46:08.406  INFO 10452 --- [main] o.s.s.web.DefaultSecurityFilterChain     : Will secure any request with [org.springframework.security.web.context.request.async.WebAsyncManagerIntegrationFilter@77ccded4, org.springframework.security.web.context.SecurityContextPersistenceFilter@3c28181b, org.springframework.security.web.header.HeaderWriterFilter@781c2497, org.springframework.security.web.authentication.logout.LogoutFilter@ff0e6d4, org.springframework.security.web.savedrequest.RequestCacheAwareFilter@239b98cb, org.springframework.security.web.servletapi.SecurityContextHolderAwareRequestFilter@5e98032e, org.springframework.security.web.authentication.AnonymousAuthenticationFilter@64c8fcfb, org.springframework.security.web.session.SessionManagementFilter@7a1371, org.springframework.security.web.access.ExceptionTranslationFilter@5d829ef0, org.springframework.security.web.access.intercept.FilterSecurityInterceptor@5be51aa]
2021-01-27 13:46:08.425  INFO 10452 --- [main] pertySourcedRequestMappingHandlerMapping : Mapped URL path [/v2/api-docs] onto method [springfox.documentation.swagger2.web.Swagger2Controller#getDocumentation(String, HttpServletRequest)]
2021-01-27 13:46:08.499  INFO 10452 --- [main] o.s.s.concurrent.ThreadPoolTaskExecutor  : Initializing ExecutorService 'applicationTaskExecutor'
2021-01-27 13:46:08.720  INFO 10452 --- [main] o.s.b.w.embedded.tomcat.TomcatWebServer  : Tomcat started on port(s): 10086 (http) with context path ''
2021-01-27 13:46:08.721  INFO 10452 --- [main] d.s.w.p.DocumentationPluginsBootstrapper : Context refreshed
2021-01-27 13:46:08.731  INFO 10452 --- [main] d.s.w.p.DocumentationPluginsBootstrapper : Found 1 custom documentation plugin(s)
2021-01-27 13:46:08.762  INFO 10452 --- [main] s.d.s.w.s.ApiListingReferenceScanner     : Scanning for api listing references
2021-01-27 13:46:08.884  INFO 10452 --- [main] org.vforum.App                           : Started App in 2.868 seconds (JVM running for 3.387)
2021-01-27 13:46:19.173  INFO 10452 --- [http-nio-10086-exec-1] o.a.c.c.C.[Tomcat].[localhost].[/]       : Initializing Spring DispatcherServlet 'dispatcherServlet'
2021-01-27 13:46:19.174  INFO 10452 --- [http-nio-10086-exec-1] o.s.web.servlet.DispatcherServlet        : Initializing Servlet 'dispatcherServlet'
2021-01-27 13:46:19.175  INFO 10452 --- [http-nio-10086-exec-1] o.s.web.servlet.DispatcherServlet        : Completed initialization in 1 ms
2021-01-27 13:46:26.829  INFO 10452 --- [http-nio-10086-exec-7] org.mongodb.driver.connection            : Opened connection [connectionId{localValue:3, serverValue:78}] to 127.0.0.1:27017
2021-01-27 13:47:10.703  INFO 8568 --- [main] org.vforum.App                           : Starting App using Java 1.8.0_221 on kuro with PID 8568 (F:\Code\11.Java\vforum\vforum-api\target\classes started by Alice in F:\Code\11.Java\vforum\vforum-api)
2021-01-27 13:47:10.705  INFO 8568 --- [main] org.vforum.App                           : No active profile set, falling back to default profiles: default
2021-01-27 13:47:11.229  WARN 8568 --- [main] t.m.s.mapper.ClassPathMapperScanner      : No MyBatis mapper was found in '[org.vforum]' package. Please check your configuration.
2021-01-27 13:47:11.277  INFO 8568 --- [main] .s.d.r.c.RepositoryConfigurationDelegate : Multiple Spring Data modules found, entering strict repository configuration mode!
2021-01-27 13:47:11.277  INFO 8568 --- [main] .s.d.r.c.RepositoryConfigurationDelegate : Bootstrapping Spring Data MongoDB repositories in DEFAULT mode.
2021-01-27 13:47:11.319  INFO 8568 --- [main] .s.d.r.c.RepositoryConfigurationDelegate : Finished Spring Data repository scanning in 38 ms. Found 1 MongoDB repository interfaces.
2021-01-27 13:47:11.328  INFO 8568 --- [main] .s.d.r.c.RepositoryConfigurationDelegate : Multiple Spring Data modules found, entering strict repository configuration mode!
2021-01-27 13:47:11.329  INFO 8568 --- [main] .s.d.r.c.RepositoryConfigurationDelegate : Bootstrapping Spring Data Redis repositories in DEFAULT mode.
2021-01-27 13:47:11.339  INFO 8568 --- [main] .RepositoryConfigurationExtensionSupport : Spring Data Redis - Could not safely identify store assignment for repository candidate interface org.vforum.repository.CommentRepository. If you want this repository to be a Redis repository, consider annotating your entities with one of these annotations: org.springframework.data.redis.core.RedisHash (preferred), or consider extending one of the following types with your repository: org.springframework.data.keyvalue.repository.KeyValueRepository.
2021-01-27 13:47:11.339  INFO 8568 --- [main] .s.d.r.c.RepositoryConfigurationDelegate : Finished Spring Data repository scanning in 5 ms. Found 0 Redis repository interfaces.
2021-01-27 13:47:11.415  WARN 8568 --- [main] o.m.s.mapper.ClassPathMapperScanner      : No MyBatis mapper was found in '[org.vforum]' package. Please check your configuration.
2021-01-27 13:47:11.557  INFO 8568 --- [main] trationDelegate$BeanPostProcessorChecker : Bean 'org.springframework.security.access.expression.method.DefaultMethodSecurityExpressionHandler@46185a1b' of type [org.springframework.security.access.expression.method.DefaultMethodSecurityExpressionHandler] is not eligible for getting processed by all BeanPostProcessors (for example: not eligible for auto-proxying)
2021-01-27 13:47:11.560  INFO 8568 --- [main] trationDelegate$BeanPostProcessorChecker : Bean 'methodSecurityMetadataSource' of type [org.springframework.security.access.method.DelegatingMethodSecurityMetadataSource] is not eligible for getting processed by all BeanPostProcessors (for example: not eligible for auto-proxying)
2021-01-27 13:47:11.735  INFO 8568 --- [main] o.s.b.w.embedded.tomcat.TomcatWebServer  : Tomcat initialized with port(s): 10086 (http)
2021-01-27 13:47:11.741  INFO 8568 --- [main] o.apache.catalina.core.StandardService   : Starting service [Tomcat]
2021-01-27 13:47:11.741  INFO 8568 --- [main] org.apache.catalina.core.StandardEngine  : Starting Servlet engine: [Apache Tomcat/9.0.41]
2021-01-27 13:47:11.804  INFO 8568 --- [main] o.a.c.c.C.[Tomcat].[localhost].[/]       : Initializing Spring embedded WebApplicationContext
2021-01-27 13:47:11.804  INFO 8568 --- [main] w.s.c.ServletWebServerApplicationContext : Root WebApplicationContext: initialization completed in 1072 ms
2021-01-27 13:47:12.346  INFO 8568 --- [main] org.mongodb.driver.cluster               : Cluster created with settings {hosts=[127.0.0.1:27017], mode=SINGLE, requiredClusterType=UNKNOWN, serverSelectionTimeout='30000 ms'}
2021-01-27 13:47:12.382  INFO 8568 --- [cluster-rtt-ClusterId{value='6010fe606493706875e8b3a1', description='null'}-127.0.0.1:27017] org.mongodb.driver.connection            : Opened connection [connectionId{localValue:2, serverValue:79}] to 127.0.0.1:27017
2021-01-27 13:47:12.382  INFO 8568 --- [cluster-ClusterId{value='6010fe606493706875e8b3a1', description='null'}-127.0.0.1:27017] org.mongodb.driver.connection            : Opened connection [connectionId{localValue:1, serverValue:80}] to 127.0.0.1:27017
2021-01-27 13:47:12.382  INFO 8568 --- [cluster-ClusterId{value='6010fe606493706875e8b3a1', description='null'}-127.0.0.1:27017] org.mongodb.driver.cluster               : Monitor thread successfully connected to server with description ServerDescription{address=127.0.0.1:27017, type=STANDALONE, state=CONNECTED, ok=true, minWireVersion=0, maxWireVersion=8, maxDocumentSize=16777216, logicalSessionTimeoutMinutes=30, roundTripTimeNanos=12741900}
2021-01-27 13:47:12.737  INFO 8568 --- [main] .s.s.UserDetailsServiceAutoConfiguration : 

Using generated security password: abec459a-a17e-4e56-9f2e-b131f0ab6ed3

2021-01-27 13:47:12.786  INFO 8568 --- [main] o.s.s.web.DefaultSecurityFilterChain     : Will secure any request with [org.springframework.security.web.context.request.async.WebAsyncManagerIntegrationFilter@28bf82d9, org.springframework.security.web.context.SecurityContextPersistenceFilter@d70e9a, org.springframework.security.web.header.HeaderWriterFilter@7a1371, org.springframework.security.web.authentication.logout.LogoutFilter@18907af2, org.springframework.security.web.savedrequest.RequestCacheAwareFilter@4fe8f2ae, org.springframework.security.web.servletapi.SecurityContextHolderAwareRequestFilter@516195cf, org.springframework.security.web.authentication.AnonymousAuthenticationFilter@44ccd75c, org.springframework.security.web.session.SessionManagementFilter@6b3f4bd8, org.springframework.security.web.access.ExceptionTranslationFilter@28367da7, org.springframework.security.web.access.intercept.FilterSecurityInterceptor@83b0d0f]
2021-01-27 13:47:12.805  INFO 8568 --- [main] pertySourcedRequestMappingHandlerMapping : Mapped URL path [/v2/api-docs] onto method [springfox.documentation.swagger2.web.Swagger2Controller#getDocumentation(String, HttpServletRequest)]
2021-01-27 13:47:12.879  INFO 8568 --- [main] o.s.s.concurrent.ThreadPoolTaskExecutor  : Initializing ExecutorService 'applicationTaskExecutor'
2021-01-27 13:47:13.082  INFO 8568 --- [main] o.s.b.w.embedded.tomcat.TomcatWebServer  : Tomcat started on port(s): 10086 (http) with context path ''
2021-01-27 13:47:13.083  INFO 8568 --- [main] d.s.w.p.DocumentationPluginsBootstrapper : Context refreshed
2021-01-27 13:47:13.092  INFO 8568 --- [main] d.s.w.p.DocumentationPluginsBootstrapper : Found 1 custom documentation plugin(s)
2021-01-27 13:47:13.122  INFO 8568 --- [main] s.d.s.w.s.ApiListingReferenceScanner     : Scanning for api listing references
2021-01-27 13:47:13.236  INFO 8568 --- [main] org.vforum.App                           : Started App in 2.826 seconds (JVM running for 3.342)
2021-01-27 13:47:16.172  INFO 8568 --- [http-nio-10086-exec-1] o.a.c.c.C.[Tomcat].[localhost].[/]       : Initializing Spring DispatcherServlet 'dispatcherServlet'
2021-01-27 13:47:16.173  INFO 8568 --- [http-nio-10086-exec-1] o.s.web.servlet.DispatcherServlet        : Initializing Servlet 'dispatcherServlet'
2021-01-27 13:47:16.174  INFO 8568 --- [http-nio-10086-exec-1] o.s.web.servlet.DispatcherServlet        : Completed initialization in 1 ms
2021-01-27 13:47:16.556  INFO 8568 --- [http-nio-10086-exec-1] org.mongodb.driver.connection            : Opened connection [connectionId{localValue:3, serverValue:81}] to 127.0.0.1:27017
2021-01-27 13:47:28.636  INFO 2892 --- [main] org.vforum.App                           : Starting App using Java 1.8.0_221 on kuro with PID 2892 (F:\Code\11.Java\vforum\vforum-api\target\classes started by Alice in F:\Code\11.Java\vforum\vforum-api)
2021-01-27 13:47:28.638  INFO 2892 --- [main] org.vforum.App                           : No active profile set, falling back to default profiles: default
2021-01-27 13:47:29.193  WARN 2892 --- [main] t.m.s.mapper.ClassPathMapperScanner      : No MyBatis mapper was found in '[org.vforum]' package. Please check your configuration.
2021-01-27 13:47:29.239  INFO 2892 --- [main] .s.d.r.c.RepositoryConfigurationDelegate : Multiple Spring Data modules found, entering strict repository configuration mode!
2021-01-27 13:47:29.240  INFO 2892 --- [main] .s.d.r.c.RepositoryConfigurationDelegate : Bootstrapping Spring Data MongoDB repositories in DEFAULT mode.
2021-01-27 13:47:29.283  INFO 2892 --- [main] .s.d.r.c.RepositoryConfigurationDelegate : Finished Spring Data repository scanning in 40 ms. Found 1 MongoDB repository interfaces.
2021-01-27 13:47:29.293  INFO 2892 --- [main] .s.d.r.c.RepositoryConfigurationDelegate : Multiple Spring Data modules found, entering strict repository configuration mode!
2021-01-27 13:47:29.294  INFO 2892 --- [main] .s.d.r.c.RepositoryConfigurationDelegate : Bootstrapping Spring Data Redis repositories in DEFAULT mode.
2021-01-27 13:47:29.305  INFO 2892 --- [main] .RepositoryConfigurationExtensionSupport : Spring Data Redis - Could not safely identify store assignment for repository candidate interface org.vforum.repository.CommentRepository. If you want this repository to be a Redis repository, consider annotating your entities with one of these annotations: org.springframework.data.redis.core.RedisHash (preferred), or consider extending one of the following types with your repository: org.springframework.data.keyvalue.repository.KeyValueRepository.
2021-01-27 13:47:29.305  INFO 2892 --- [main] .s.d.r.c.RepositoryConfigurationDelegate : Finished Spring Data repository scanning in 5 ms. Found 0 Redis repository interfaces.
2021-01-27 13:47:29.384  WARN 2892 --- [main] o.m.s.mapper.ClassPathMapperScanner      : No MyBatis mapper was found in '[org.vforum]' package. Please check your configuration.
2021-01-27 13:47:29.529  INFO 2892 --- [main] trationDelegate$BeanPostProcessorChecker : Bean 'org.springframework.security.access.expression.method.DefaultMethodSecurityExpressionHandler@dc79225' of type [org.springframework.security.access.expression.method.DefaultMethodSecurityExpressionHandler] is not eligible for getting processed by all BeanPostProcessors (for example: not eligible for auto-proxying)
2021-01-27 13:47:29.531  INFO 2892 --- [main] trationDelegate$BeanPostProcessorChecker : Bean 'methodSecurityMetadataSource' of type [org.springframework.security.access.method.DelegatingMethodSecurityMetadataSource] is not eligible for getting processed by all BeanPostProcessors (for example: not eligible for auto-proxying)
2021-01-27 13:47:29.707  INFO 2892 --- [main] o.s.b.w.embedded.tomcat.TomcatWebServer  : Tomcat initialized with port(s): 10086 (http)
2021-01-27 13:47:29.713  INFO 2892 --- [main] o.apache.catalina.core.StandardService   : Starting service [Tomcat]
2021-01-27 13:47:29.713  INFO 2892 --- [main] org.apache.catalina.core.StandardEngine  : Starting Servlet engine: [Apache Tomcat/9.0.41]
2021-01-27 13:47:29.777  INFO 2892 --- [main] o.a.c.c.C.[Tomcat].[localhost].[/]       : Initializing Spring embedded WebApplicationContext
2021-01-27 13:47:29.777  INFO 2892 --- [main] w.s.c.ServletWebServerApplicationContext : Root WebApplicationContext: initialization completed in 1109 ms
2021-01-27 13:47:30.312  INFO 2892 --- [main] org.mongodb.driver.cluster               : Cluster created with settings {hosts=[127.0.0.1:27017], mode=SINGLE, requiredClusterType=UNKNOWN, serverSelectionTimeout='30000 ms'}
2021-01-27 13:47:30.346  INFO 2892 --- [cluster-rtt-ClusterId{value='6010fe720526e92375475488', description='null'}-127.0.0.1:27017] org.mongodb.driver.connection            : Opened connection [connectionId{localValue:1, serverValue:83}] to 127.0.0.1:27017
2021-01-27 13:47:30.346  INFO 2892 --- [cluster-ClusterId{value='6010fe720526e92375475488', description='null'}-127.0.0.1:27017] org.mongodb.driver.connection            : Opened connection [connectionId{localValue:2, serverValue:82}] to 127.0.0.1:27017
2021-01-27 13:47:30.347  INFO 2892 --- [cluster-ClusterId{value='6010fe720526e92375475488', description='null'}-127.0.0.1:27017] org.mongodb.driver.cluster               : Monitor thread successfully connected to server with description ServerDescription{address=127.0.0.1:27017, type=STANDALONE, state=CONNECTED, ok=true, minWireVersion=0, maxWireVersion=8, maxDocumentSize=16777216, logicalSessionTimeoutMinutes=30, roundTripTimeNanos=12401400}
2021-01-27 13:47:30.715  INFO 2892 --- [main] .s.s.UserDetailsServiceAutoConfiguration : 

Using generated security password: ef680fa8-ba83-4ac8-aad6-af6d4f81de96

2021-01-27 13:47:30.765  INFO 2892 --- [main] o.s.s.web.DefaultSecurityFilterChain     : Will secure any request with [org.springframework.security.web.context.request.async.WebAsyncManagerIntegrationFilter@566fe83c, org.springframework.security.web.context.SecurityContextPersistenceFilter@36211bbc, org.springframework.security.web.header.HeaderWriterFilter@28367da7, org.springframework.security.web.authentication.logout.LogoutFilter@6d7740f0, org.springframework.security.web.savedrequest.RequestCacheAwareFilter@77ea806f, org.springframework.security.web.servletapi.SecurityContextHolderAwareRequestFilter@60dcf9ec, org.springframework.security.web.authentication.AnonymousAuthenticationFilter@743bb39a, org.springframework.security.web.session.SessionManagementFilter@6def0632, org.springframework.security.web.access.ExceptionTranslationFilter@70c491b8, org.springframework.security.web.access.intercept.FilterSecurityInterceptor@31228d83]
2021-01-27 13:47:30.783  INFO 2892 --- [main] pertySourcedRequestMappingHandlerMapping : Mapped URL path [/v2/api-docs] onto method [springfox.documentation.swagger2.web.Swagger2Controller#getDocumentation(String, HttpServletRequest)]
2021-01-27 13:47:30.857  INFO 2892 --- [main] o.s.s.concurrent.ThreadPoolTaskExecutor  : Initializing ExecutorService 'applicationTaskExecutor'
2021-01-27 13:47:31.071  INFO 2892 --- [main] o.s.b.w.embedded.tomcat.TomcatWebServer  : Tomcat started on port(s): 10086 (http) with context path ''
2021-01-27 13:47:31.072  INFO 2892 --- [main] d.s.w.p.DocumentationPluginsBootstrapper : Context refreshed
2021-01-27 13:47:31.081  INFO 2892 --- [main] d.s.w.p.DocumentationPluginsBootstrapper : Found 1 custom documentation plugin(s)
2021-01-27 13:47:31.110  INFO 2892 --- [main] s.d.s.w.s.ApiListingReferenceScanner     : Scanning for api listing references
2021-01-27 13:47:31.216  INFO 2892 --- [main] org.vforum.App                           : Started App in 2.877 seconds (JVM running for 3.434)
